<?xml version="1.0" encoding="UTF-8"?>
<testng-results ignored="0" total="1" passed="1" failed="0" skipped="0">
  <reporter-output>
  </reporter-output>
  <suite started-at="2023-03-28T12:11:35 IST" name="Default suite" finished-at="2023-03-28T12:13:39 IST" duration-ms="123960">
    <groups>
    </groups>
    <test started-at="2023-03-28T12:11:35 IST" name="Default test" finished-at="2023-03-28T12:13:39 IST" duration-ms="123960">
      <class name="TestScripts.TC_Therapist_Signup">
        <test-method is-config="true" signature="bsConfig()[pri:0, instance:TestScripts.TC_Therapist_Signup@2af004b]" started-at="2023-03-28T12:11:35 IST" name="bsConfig" finished-at="2023-03-28T12:11:35 IST" duration-ms="25" status="PASS">
          <reporter-output>
          </reporter-output>
        </test-method> <!-- bsConfig -->
        <test-method is-config="true" signature="bcConfig()[pri:0, instance:TestScripts.TC_Therapist_Signup@2af004b]" started-at="2023-03-28T12:11:35 IST" name="bcConfig" finished-at="2023-03-28T12:11:58 IST" duration-ms="23701" status="PASS">
          <reporter-output>
          </reporter-output>
        </test-method> <!-- bcConfig -->
        <test-method signature="signup()[pri:0, instance:TestScripts.TC_Therapist_Signup@2af004b]" started-at="2023-03-28T12:11:59 IST" name="signup" finished-at="2023-03-28T12:13:28 IST" duration-ms="89558" status="PASS">
          <reporter-output>
          </reporter-output>
        </test-method> <!-- signup -->
        <test-method is-config="true" signature="acConfig()[pri:0, instance:TestScripts.TC_Therapist_Signup@2af004b]" started-at="2023-03-28T12:13:28 IST" name="acConfig" finished-at="2023-03-28T12:13:39 IST" duration-ms="10591" status="PASS">
          <reporter-output>
          </reporter-output>
        </test-method> <!-- acConfig -->
        <test-method is-config="true" signature="asConfig()[pri:0, instance:TestScripts.TC_Therapist_Signup@2af004b]" started-at="2023-03-28T12:13:39 IST" name="asConfig" finished-at="2023-03-28T12:13:39 IST" duration-ms="0" status="PASS">
          <reporter-output>
          </reporter-output>
        </test-method> <!-- asConfig -->
      </class> <!-- TestScripts.TC_Therapist_Signup -->
    </test> <!-- Default test -->
  </suite> <!-- Default suite -->
</testng-results>
